#
# There is insufficient memory for the Java Runtime Environment to continue.
# Native memory allocation (malloc) failed to allocate 32744 bytes for ChunkPool::allocate
# Possible reasons:
#   The system is out of physical RAM or swap space
#   The process is running with CompressedOops enabled, and the Java Heap may be blocking the growth of the native heap
# Possible solutions:
#   Reduce memory load on the system
#   Increase physical memory or swap space
#   Check if swap backing store is full
#   Decrease Java heap size (-Xmx/-Xms)
#   Decrease number of Java threads
#   Decrease Java thread stack sizes (-Xss)
#   Set larger code cache with -XX:ReservedCodeCacheSize=
#   JVM is running with Unscaled Compressed Oops mode in which the Java heap is
#     placed in the first 4GB address space. The Java Heap base address is the
#     maximum limit for the native heap growth. Please use -XX:HeapBaseMinAddress
#     to set the Java Heap base and to place the Java Heap above 4GB virtual address.
# This output file may be truncated or incomplete.
#
#  Out of Memory Error (arena.cpp:79), pid=104, tid=7456
#
# JRE version: OpenJDK Runtime Environment (17.0.9) (build 17.0.9+0--11185874)
# Java VM: OpenJDK 64-Bit Server VM (17.0.9+0--11185874, mixed mode, tiered, compressed oops, compressed class ptrs, g1 gc, windows-amd64)
# No core dump will be written. Minidumps are not enabled by default on client versions of Windows
#

---------------  S U M M A R Y ------------

Command Line: git4idea.http.GitAskPassApp Username for 'https://github.com': 

Host: Intel(R) Core(TM) i5-4210M CPU @ 2.60GHz, 4 cores, 7G,  Windows 10 , 64 bit Build 17763 (10.0.17763.475)
Time: Fri May 17 16:19:47 2024 Malay Peninsula Standard Time elapsed time: 9.411905 seconds (0d 0h 0m 9s)

---------------  T H R E A D  ---------------

Current thread (0x00000155aaa557c0):  JavaThread "C2 CompilerThread0" daemon [_thread_in_native, id=7456, stack(0x0000002fcc400000,0x0000002fcc500000)]


Current CompileTask:
C2:   9411 1111       4       jdk.internal.org.objectweb.asm.SymbolTable::addConstantUtf8 (98 bytes)

Stack: [0x0000002fcc400000,0x0000002fcc500000]
Native frames: (J=compiled Java code, j=interpreted, Vv=VM code, C=native code)
V  [jvm.dll+0x6886e9]
V  [jvm.dll+0x841e4a]
V  [jvm.dll+0x843a8e]
V  [jvm.dll+0x8440f3]
V  [jvm.dll+0x24c14f]
V  [jvm.dll+0xac66c]
V  [jvm.dll+0xaca9c]
V  [jvm.dll+0xac55b]
V  [jvm.dll+0x82a76c]
V  [jvm.dll+0x225133]
V  [jvm.dll+0x6ab981]
V  [jvm.dll+0x21cef9]
V  [jvm.dll+0x1a674d]
V  [jvm.dll+0x22d088]
V  [jvm.dll+0x22b1c0]
V  [jvm.dll+0x7f62f7]
V  [jvm.dll+0x7f06aa]
V  [jvm.dll+0x687565]
C  [ucrtbase.dll+0x21ffa]
C  [KERNEL32.DLL+0x17974]
C  [ntdll.dll+0x6a271]


---------------  P R O C E S S  ---------------

Threads class SMR info:
_java_thread_list=0x00000155af4808e0, length=15, elements={
0x000001558f42cdb0, 0x00000155aa9ce710, 0x00000155aa9f3020, 0x00000155aaa0dd50,
0x00000155aaa0ebd0, 0x00000155aaa10700, 0x00000155aaa110c0, 0x00000155aaa557c0,
0x00000155aaa57010, 0x00000155aaa5ba90, 0x00000155aab9cf90, 0x00000155aaba2150,
0x00000155af3345e0, 0x00000155af3a0440, 0x00000155af3a1570
}

Java Threads: ( => current thread )
  0x000001558f42cdb0 JavaThread "main" [_thread_blocked, id=2364, stack(0x0000002fcb700000,0x0000002fcb800000)]
  0x00000155aa9ce710 JavaThread "Reference Handler" daemon [_thread_blocked, id=3664, stack(0x0000002fcbe00000,0x0000002fcbf00000)]
  0x00000155aa9f3020 JavaThread "Finalizer" daemon [_thread_blocked, id=8724, stack(0x0000002fcbf00000,0x0000002fcc000000)]
  0x00000155aaa0dd50 JavaThread "Signal Dispatcher" daemon [_thread_blocked, id=6604, stack(0x0000002fcc000000,0x0000002fcc100000)]
  0x00000155aaa0ebd0 JavaThread "Attach Listener" daemon [_thread_blocked, id=9164, stack(0x0000002fcc100000,0x0000002fcc200000)]
  0x00000155aaa10700 JavaThread "Service Thread" daemon [_thread_blocked, id=5796, stack(0x0000002fcc200000,0x0000002fcc300000)]
  0x00000155aaa110c0 JavaThread "Monitor Deflation Thread" daemon [_thread_blocked, id=8904, stack(0x0000002fcc300000,0x0000002fcc400000)]
=>0x00000155aaa557c0 JavaThread "C2 CompilerThread0" daemon [_thread_in_native, id=7456, stack(0x0000002fcc400000,0x0000002fcc500000)]
  0x00000155aaa57010 JavaThread "C1 CompilerThread0" daemon [_thread_in_native, id=5508, stack(0x0000002fcc500000,0x0000002fcc600000)]
  0x00000155aaa5ba90 JavaThread "Sweeper thread" daemon [_thread_blocked, id=1240, stack(0x0000002fcc600000,0x0000002fcc700000)]
  0x00000155aab9cf90 JavaThread "Notification Thread" daemon [_thread_blocked, id=9160, stack(0x0000002fcc700000,0x0000002fcc800000)]
  0x00000155aaba2150 JavaThread "Common-Cleaner" daemon [_thread_blocked, id=5816, stack(0x0000002fcc900000,0x0000002fcca00000)]
  0x00000155af3345e0 JavaThread "HttpClient-1-SelectorManager" daemon [_thread_in_native, id=5864, stack(0x0000002fcca00000,0x0000002fccb00000)]
  0x00000155af3a0440 JavaThread "HttpClient-1-Worker-0" daemon [_thread_in_vm, id=2260, stack(0x0000002fccc00000,0x0000002fccd00000)]
  0x00000155af3a1570 JavaThread "HttpClient-1-Worker-1" daemon [_thread_blocked, id=3976, stack(0x0000002fccd00000,0x0000002fcce00000)]

Other Threads:
  0x00000155aa898790 VMThread "VM Thread" [stack: 0x0000002fcbd00000,0x0000002fcbe00000] [id=7632]
  0x00000155aab9d880 WatcherThread [stack: 0x0000002fcc800000,0x0000002fcc900000] [id=8372]
  0x000001558f4840e0 GCTaskThread "GC Thread#0" [stack: 0x0000002fcb800000,0x0000002fcb900000] [id=684]
  0x00000155af47b3c0 GCTaskThread "GC Thread#1" [stack: 0x0000002fccf00000,0x0000002fcd000000] [id=8976]
  0x00000155af47b680 GCTaskThread "GC Thread#2" [stack: 0x0000002fcd000000,0x0000002fcd100000] [id=4952]
  0x00000155af47ed50 GCTaskThread "GC Thread#3" [stack: 0x0000002fcd100000,0x0000002fcd200000] [id=2848]
  0x000001558f494d30 ConcurrentGCThread "G1 Main Marker" [stack: 0x0000002fcb900000,0x0000002fcba00000] [id=8384]
  0x000001558f4963b0 ConcurrentGCThread "G1 Conc#0" [stack: 0x0000002fcba00000,0x0000002fcbb00000] [id=9092]
  0x000001558f4aec90 ConcurrentGCThread "G1 Refine#0" [stack: 0x0000002fcbb00000,0x0000002fcbc00000] [id=8008]
  0x00000155aa704570 ConcurrentGCThread "G1 Service" [stack: 0x0000002fcbc00000,0x0000002fcbd00000] [id=9180]

Threads with active compile tasks:
C2 CompilerThread0     9443 1111       4       jdk.internal.org.objectweb.asm.SymbolTable::addConstantUtf8 (98 bytes)
C1 CompilerThread0     9443 1113       3       jdk.internal.org.objectweb.asm.ClassWriter::toByteArray (1515 bytes)

VM state: not at safepoint (normal execution)

VM Mutex/Monitor currently owned by a thread: None

Heap address: 0x0000000081800000, size: 2024 MB, Compressed Oops mode: 32-bit

CDS archive(s) not mapped
Compressed class space mapped at: 0x0000000100000000-0x0000000140000000, reserved size: 1073741824
Narrow klass base: 0x0000000000000000, Narrow klass shift: 3, Narrow klass range: 0x140000000

GC Precious Log:
 CPUs: 4 total, 4 available
 Memory: 8089M
 Large Page Support: Disabled
 NUMA Support: Disabled
 Compressed Oops: Enabled (32-bit)
 Heap Region Size: 1M
 Heap Min Capacity: 8M
 Heap Initial Capacity: 128M
 Heap Max Capacity: 2024M
 Pre-touch: Disabled
 Parallel Workers: 4
 Concurrent Workers: 1
 Concurrent Refinement Workers: 4
 Periodic GC: Disabled

Heap:
 garbage-first heap   total 131072K, used 3300K [0x0000000081800000, 0x0000000100000000)
  region size 1024K, 4 young (4096K), 2 survivors (2048K)
 Metaspace       used 16656K, committed 16832K, reserved 1114112K
  class space    used 1753K, committed 1856K, reserved 1048576K

Heap Regions: E=young(eden), S=young(survivor), O=old, HS=humongous(starts), HC=humongous(continues), CS=collection set, F=free, OA=open archive, CA=closed archive, TAMS=top-at-mark-start (previous, next)
|   0|0x0000000081800000, 0x0000000081839000, 0x0000000081900000| 22%| O|  |TAMS 0x0000000081800000, 0x0000000081800000| Untracked 
|   1|0x0000000081900000, 0x0000000081900000, 0x0000000081a00000|  0%| F|  |TAMS 0x0000000081900000, 0x0000000081900000| Untracked 
|   2|0x0000000081a00000, 0x0000000081a00000, 0x0000000081b00000|  0%| F|  |TAMS 0x0000000081a00000, 0x0000000081a00000| Untracked 
|   3|0x0000000081b00000, 0x0000000081b00000, 0x0000000081c00000|  0%| F|  |TAMS 0x0000000081b00000, 0x0000000081b00000| Untracked 
|   4|0x0000000081c00000, 0x0000000081c00000, 0x0000000081d00000|  0%| F|  |TAMS 0x0000000081c00000, 0x0000000081c00000| Untracked 
|   5|0x0000000081d00000, 0x0000000081d00000, 0x0000000081e00000|  0%| F|  |TAMS 0x0000000081d00000, 0x0000000081d00000| Untracked 
|   6|0x0000000081e00000, 0x0000000081e00000, 0x0000000081f00000|  0%| F|  |TAMS 0x0000000081e00000, 0x0000000081e00000| Untracked 
|   7|0x0000000081f00000, 0x0000000081f00000, 0x0000000082000000|  0%| F|  |TAMS 0x0000000081f00000, 0x0000000081f00000| Untracked 
|   8|0x0000000082000000, 0x0000000082000000, 0x0000000082100000|  0%| F|  |TAMS 0x0000000082000000, 0x0000000082000000| Untracked 
|   9|0x0000000082100000, 0x0000000082100000, 0x0000000082200000|  0%| F|  |TAMS 0x0000000082100000, 0x0000000082100000| Untracked 
|  10|0x0000000082200000, 0x0000000082200000, 0x0000000082300000|  0%| F|  |TAMS 0x0000000082200000, 0x0000000082200000| Untracked 
|  11|0x0000000082300000, 0x0000000082300000, 0x0000000082400000|  0%| F|  |TAMS 0x0000000082300000, 0x0000000082300000| Untracked 
|  12|0x0000000082400000, 0x0000000082400000, 0x0000000082500000|  0%| F|  |TAMS 0x0000000082400000, 0x0000000082400000| Untracked 
|  13|0x0000000082500000, 0x0000000082500000, 0x0000000082600000|  0%| F|  |TAMS 0x0000000082500000, 0x0000000082500000| Untracked 
|  14|0x0000000082600000, 0x0000000082600000, 0x0000000082700000|  0%| F|  |TAMS 0x0000000082600000, 0x0000000082600000| Untracked 
|  15|0x0000000082700000, 0x0000000082700000, 0x0000000082800000|  0%| F|  |TAMS 0x0000000082700000, 0x0000000082700000| Untracked 
|  16|0x0000000082800000, 0x0000000082800000, 0x0000000082900000|  0%| F|  |TAMS 0x0000000082800000, 0x0000000082800000| Untracked 
|  17|0x0000000082900000, 0x0000000082900000, 0x0000000082a00000|  0%| F|  |TAMS 0x0000000082900000, 0x0000000082900000| Untracked 
|  18|0x0000000082a00000, 0x0000000082a00000, 0x0000000082b00000|  0%| F|  |TAMS 0x0000000082a00000, 0x0000000082a00000| Untracked 
|  19|0x0000000082b00000, 0x0000000082b00000, 0x0000000082c00000|  0%| F|  |TAMS 0x0000000082b00000, 0x0000000082b00000| Untracked 
|  20|0x0000000082c00000, 0x0000000082c00000, 0x0000000082d00000|  0%| F|  |TAMS 0x0000000082c00000, 0x0000000082c00000| Untracked 
|  21|0x0000000082d00000, 0x0000000082d00000, 0x0000000082e00000|  0%| F|  |TAMS 0x0000000082d00000, 0x0000000082d00000| Untracked 
|  22|0x0000000082e00000, 0x0000000082e00000, 0x0000000082f00000|  0%| F|  |TAMS 0x0000000082e00000, 0x0000000082e00000| Untracked 
|  23|0x0000000082f00000, 0x0000000082f00000, 0x0000000083000000|  0%| F|  |TAMS 0x0000000082f00000, 0x0000000082f00000| Untracked 
|  24|0x0000000083000000, 0x0000000083000000, 0x0000000083100000|  0%| F|  |TAMS 0x0000000083000000, 0x0000000083000000| Untracked 
|  25|0x0000000083100000, 0x0000000083100000, 0x0000000083200000|  0%| F|  |TAMS 0x0000000083100000, 0x0000000083100000| Untracked 
|  26|0x0000000083200000, 0x0000000083200000, 0x0000000083300000|  0%| F|  |TAMS 0x0000000083200000, 0x0000000083200000| Untracked 
|  27|0x0000000083300000, 0x0000000083300000, 0x0000000083400000|  0%| F|  |TAMS 0x0000000083300000, 0x0000000083300000| Untracked 
|  28|0x0000000083400000, 0x0000000083400000, 0x0000000083500000|  0%| F|  |TAMS 0x0000000083400000, 0x0000000083400000| Untracked 
|  29|0x0000000083500000, 0x0000000083500000, 0x0000000083600000|  0%| F|  |TAMS 0x0000000083500000, 0x0000000083500000| Untracked 
|  30|0x0000000083600000, 0x0000000083600000, 0x0000000083700000|  0%| F|  |TAMS 0x0000000083600000, 0x0000000083600000| Untracked 
|  31|0x0000000083700000, 0x0000000083700000, 0x0000000083800000|  0%| F|  |TAMS 0x0000000083700000, 0x0000000083700000| Untracked 
|  32|0x0000000083800000, 0x0000000083800000, 0x0000000083900000|  0%| F|  |TAMS 0x0000000083800000, 0x0000000083800000| Untracked 
|  33|0x0000000083900000, 0x0000000083900000, 0x0000000083a00000|  0%| F|  |TAMS 0x0000000083900000, 0x0000000083900000| Untracked 
|  34|0x0000000083a00000, 0x0000000083a00000, 0x0000000083b00000|  0%| F|  |TAMS 0x0000000083a00000, 0x0000000083a00000| Untracked 
|  35|0x0000000083b00000, 0x0000000083b00000, 0x0000000083c00000|  0%| F|  |TAMS 0x0000000083b00000, 0x0000000083b00000| Untracked 
|  36|0x0000000083c00000, 0x0000000083c00000, 0x0000000083d00000|  0%| F|  |TAMS 0x0000000083c00000, 0x0000000083c00000| Untracked 
|  37|0x0000000083d00000, 0x0000000083d00000, 0x0000000083e00000|  0%| F|  |TAMS 0x0000000083d00000, 0x0000000083d00000| Untracked 
|  38|0x0000000083e00000, 0x0000000083e00000, 0x0000000083f00000|  0%| F|  |TAMS 0x0000000083e00000, 0x0000000083e00000| Untracked 
|  39|0x0000000083f00000, 0x0000000083f00000, 0x0000000084000000|  0%| F|  |TAMS 0x0000000083f00000, 0x0000000083f00000| Untracked 
|  40|0x0000000084000000, 0x0000000084000000, 0x0000000084100000|  0%| F|  |TAMS 0x0000000084000000, 0x0000000084000000| Untracked 
|  41|0x0000000084100000, 0x0000000084100000, 0x0000000084200000|  0%| F|  |TAMS 0x0000000084100000, 0x0000000084100000| Untracked 
|  42|0x0000000084200000, 0x0000000084200000, 0x0000000084300000|  0%| F|  |TAMS 0x0000000084200000, 0x0000000084200000| Untracked 
|  43|0x0000000084300000, 0x0000000084300000, 0x0000000084400000|  0%| F|  |TAMS 0x0000000084300000, 0x0000000084300000| Untracked 
|  44|0x0000000084400000, 0x0000000084400000, 0x0000000084500000|  0%| F|  |TAMS 0x0000000084400000, 0x0000000084400000| Untracked 
|  45|0x0000000084500000, 0x0000000084500000, 0x0000000084600000|  0%| F|  |TAMS 0x0000000084500000, 0x0000000084500000| Untracked 
|  46|0x0000000084600000, 0x0000000084600000, 0x0000000084700000|  0%| F|  |TAMS 0x0000000084600000, 0x0000000084600000| Untracked 
|  47|0x0000000084700000, 0x0000000084700000, 0x0000000084800000|  0%| F|  |TAMS 0x0000000084700000, 0x0000000084700000| Untracked 
|  48|0x0000000084800000, 0x0000000084800000, 0x0000000084900000|  0%| F|  |TAMS 0x0000000084800000, 0x0000000084800000| Untracked 
|  49|0x0000000084900000, 0x0000000084900000, 0x0000000084a00000|  0%| F|  |TAMS 0x0000000084900000, 0x0000000084900000| Untracked 
|  50|0x0000000084a00000, 0x0000000084a00000, 0x0000000084b00000|  0%| F|  |TAMS 0x0000000084a00000, 0x0000000084a00000| Untracked 
|  51|0x0000000084b00000, 0x0000000084b00000, 0x0000000084c00000|  0%| F|  |TAMS 0x0000000084b00000, 0x0000000084b00000| Untracked 
|  52|0x0000000084c00000, 0x0000000084c00000, 0x0000000084d00000|  0%| F|  |TAMS 0x0000000084c00000, 0x0000000084c00000| Untracked 
|  53|0x0000000084d00000, 0x0000000084d00000, 0x0000000084e00000|  0%| F|  |TAMS 0x0000000084d00000, 0x0000000084d00000| Untracked 
|  54|0x0000000084e00000, 0x0000000084e00000, 0x0000000084f00000|  0%| F|  |TAMS 0x0000000084e00000, 0x0000000084e00000| Untracked 
|  55|0x0000000084f00000, 0x0000000084f00000, 0x0000000085000000|  0%| F|  |TAMS 0x0000000084f00000, 0x0000000084f00000| Untracked 
|  56|0x0000000085000000, 0x0000000085000000, 0x0000000085100000|  0%| F|  |TAMS 0x0000000085000000, 0x0000000085000000| Untracked 
|  57|0x0000000085100000, 0x0000000085100000, 0x0000000085200000|  0%| F|  |TAMS 0x0000000085100000, 0x0000000085100000| Untracked 
|  58|0x0000000085200000, 0x0000000085200000, 0x0000000085300000|  0%| F|  |TAMS 0x0000000085200000, 0x0000000085200000| Untracked 
|  59|0x0000000085300000, 0x0000000085300000, 0x0000000085400000|  0%| F|  |TAMS 0x0000000085300000, 0x0000000085300000| Untracked 
|  60|0x0000000085400000, 0x0000000085400000, 0x0000000085500000|  0%| F|  |TAMS 0x0000000085400000, 0x0000000085400000| Untracked 
|  61|0x0000000085500000, 0x0000000085500000, 0x0000000085600000|  0%| F|  |TAMS 0x0000000085500000, 0x0000000085500000| Untracked 
|  62|0x0000000085600000, 0x0000000085600000, 0x0000000085700000|  0%| F|  |TAMS 0x0000000085600000, 0x0000000085600000| Untracked 
|  63|0x0000000085700000, 0x0000000085700000, 0x0000000085800000|  0%| F|  |TAMS 0x0000000085700000, 0x0000000085700000| Untracked 
|  64|0x0000000085800000, 0x0000000085800000, 0x0000000085900000|  0%| F|  |TAMS 0x0000000085800000, 0x0000000085800000| Untracked 
|  65|0x0000000085900000, 0x0000000085900000, 0x0000000085a00000|  0%| F|  |TAMS 0x0000000085900000, 0x0000000085900000| Untracked 
|  66|0x0000000085a00000, 0x0000000085a00000, 0x0000000085b00000|  0%| F|  |TAMS 0x0000000085a00000, 0x0000000085a00000| Untracked 
|  67|0x0000000085b00000, 0x0000000085b00000, 0x0000000085c00000|  0%| F|  |TAMS 0x0000000085b00000, 0x0000000085b00000| Untracked 
|  68|0x0000000085c00000, 0x0000000085c00000, 0x0000000085d00000|  0%| F|  |TAMS 0x0000000085c00000, 0x0000000085c00000| Untracked 
|  69|0x0000000085d00000, 0x0000000085d00000, 0x0000000085e00000|  0%| F|  |TAMS 0x0000000085d00000, 0x0000000085d00000| Untracked 
|  70|0x0000000085e00000, 0x0000000085e00000, 0x0000000085f00000|  0%| F|  |TAMS 0x0000000085e00000, 0x0000000085e00000| Untracked 
|  71|0x0000000085f00000, 0x0000000085f00000, 0x0000000086000000|  0%| F|  |TAMS 0x0000000085f00000, 0x0000000085f00000| Untracked 
|  72|0x0000000086000000, 0x0000000086000000, 0x0000000086100000|  0%| F|  |TAMS 0x0000000086000000, 0x0000000086000000| Untracked 
|  73|0x0000000086100000, 0x0000000086100000, 0x0000000086200000|  0%| F|  |TAMS 0x0000000086100000, 0x0000000086100000| Untracked 
|  74|0x0000000086200000, 0x0000000086200000, 0x0000000086300000|  0%| F|  |TAMS 0x0000000086200000, 0x0000000086200000| Untracked 
|  75|0x0000000086300000, 0x0000000086300000, 0x0000000086400000|  0%| F|  |TAMS 0x0000000086300000, 0x0000000086300000| Untracked 
|  76|0x0000000086400000, 0x0000000086400000, 0x0000000086500000|  0%| F|  |TAMS 0x0000000086400000, 0x0000000086400000| Untracked 
|  77|0x0000000086500000, 0x0000000086500000, 0x0000000086600000|  0%| F|  |TAMS 0x0000000086500000, 0x0000000086500000| Untracked 
|  78|0x0000000086600000, 0x0000000086600000, 0x0000000086700000|  0%| F|  |TAMS 0x0000000086600000, 0x0000000086600000| Untracked 
|  79|0x0000000086700000, 0x0000000086700000, 0x0000000086800000|  0%| F|  |TAMS 0x0000000086700000, 0x0000000086700000| Untracked 
|  80|0x0000000086800000, 0x0000000086800000, 0x0000000086900000|  0%| F|  |TAMS 0x0000000086800000, 0x0000000086800000| Untracked 
|  81|0x0000000086900000, 0x0000000086900000, 0x0000000086a00000|  0%| F|  |TAMS 0x0000000086900000, 0x0000000086900000| Untracked 
|  82|0x0000000086a00000, 0x0000000086a00000, 0x0000000086b00000|  0%| F|  |TAMS 0x0000000086a00000, 0x0000000086a00000| Untracked 
|  83|0x0000000086b00000, 0x0000000086b00000, 0x0000000086c00000|  0%| F|  |TAMS 0x0000000086b00000, 0x0000000086b00000| Untracked 
|  84|0x0000000086c00000, 0x0000000086c00000, 0x0000000086d00000|  0%| F|  |TAMS 0x0000000086c00000, 0x0000000086c00000| Untracked 
|  85|0x0000000086d00000, 0x0000000086d00000, 0x0000000086e00000|  0%| F|  |TAMS 0x0000000086d00000, 0x0000000086d00000| Untracked 
|  86|0x0000000086e00000, 0x0000000086e00000, 0x0000000086f00000|  0%| F|  |TAMS 0x0000000086e00000, 0x0000000086e00000| Untracked 
|  87|0x0000000086f00000, 0x0000000086f00000, 0x0000000087000000|  0%| F|  |TAMS 0x0000000086f00000, 0x0000000086f00000| Untracked 
|  88|0x0000000087000000, 0x0000000087000000, 0x0000000087100000|  0%| F|  |TAMS 0x0000000087000000, 0x0000000087000000| Untracked 
|  89|0x0000000087100000, 0x0000000087100000, 0x0000000087200000|  0%| F|  |TAMS 0x0000000087100000, 0x0000000087100000| Untracked 
|  90|0x0000000087200000, 0x0000000087200000, 0x0000000087300000|  0%| F|  |TAMS 0x0000000087200000, 0x0000000087200000| Untracked 
|  91|0x0000000087300000, 0x0000000087300000, 0x0000000087400000|  0%| F|  |TAMS 0x0000000087300000, 0x0000000087300000| Untracked 
|  92|0x0000000087400000, 0x0000000087400000, 0x0000000087500000|  0%| F|  |TAMS 0x0000000087400000, 0x0000000087400000| Untracked 
|  93|0x0000000087500000, 0x0000000087500000, 0x0000000087600000|  0%| F|  |TAMS 0x0000000087500000, 0x0000000087500000| Untracked 
|  94|0x0000000087600000, 0x0000000087600000, 0x0000000087700000|  0%| F|  |TAMS 0x0000000087600000, 0x0000000087600000| Untracked 
|  95|0x0000000087700000, 0x0000000087700000, 0x0000000087800000|  0%| F|  |TAMS 0x0000000087700000, 0x0000000087700000| Untracked 
|  96|0x0000000087800000, 0x0000000087800000, 0x0000000087900000|  0%| F|  |TAMS 0x0000000087800000, 0x0000000087800000| Untracked 
|  97|0x0000000087900000, 0x0000000087900000, 0x0000000087a00000|  0%| F|  |TAMS 0x0000000087900000, 0x0000000087900000| Untracked 
|  98|0x0000000087a00000, 0x0000000087a00000, 0x0000000087b00000|  0%| F|  |TAMS 0x0000000087a00000, 0x0000000087a00000| Untracked 
|  99|0x0000000087b00000, 0x0000000087b00000, 0x0000000087c00000|  0%| F|  |TAMS 0x0000000087b00000, 0x0000000087b00000| Untracked 
| 100|0x0000000087c00000, 0x0000000087c00000, 0x0000000087d00000|  0%| F|  |TAMS 0x0000000087c00000, 0x0000000087c00000| Untracked 
| 101|0x0000000087d00000, 0x0000000087d00000, 0x0000000087e00000|  0%| F|  |TAMS 0x0000000087d00000, 0x0000000087d00000| Untracked 
| 102|0x0000000087e00000, 0x0000000087e00000, 0x0000000087f00000|  0%| F|  |TAMS 0x0000000087e00000, 0x0000000087e00000| Untracked 
| 103|0x0000000087f00000, 0x0000000087f00000, 0x0000000088000000|  0%| F|  |TAMS 0x0000000087f00000, 0x0000000087f00000| Untracked 
| 104|0x0000000088000000, 0x0000000088000000, 0x0000000088100000|  0%| F|  |TAMS 0x0000000088000000, 0x0000000088000000| Untracked 
| 105|0x0000000088100000, 0x0000000088100000, 0x0000000088200000|  0%| F|  |TAMS 0x0000000088100000, 0x0000000088100000| Untracked 
| 106|0x0000000088200000, 0x0000000088200000, 0x0000000088300000|  0%| F|  |TAMS 0x0000000088200000, 0x0000000088200000| Untracked 
| 107|0x0000000088300000, 0x0000000088300000, 0x0000000088400000|  0%| F|  |TAMS 0x0000000088300000, 0x0000000088300000| Untracked 
| 108|0x0000000088400000, 0x0000000088400000, 0x0000000088500000|  0%| F|  |TAMS 0x0000000088400000, 0x0000000088400000| Untracked 
| 109|0x0000000088500000, 0x0000000088500000, 0x0000000088600000|  0%| F|  |TAMS 0x0000000088500000, 0x0000000088500000| Untracked 
| 110|0x0000000088600000, 0x0000000088600000, 0x0000000088700000|  0%| F|  |TAMS 0x0000000088600000, 0x0000000088600000| Untracked 
| 111|0x0000000088700000, 0x0000000088700000, 0x0000000088800000|  0%| F|  |TAMS 0x0000000088700000, 0x0000000088700000| Untracked 
| 112|0x0000000088800000, 0x0000000088800000, 0x0000000088900000|  0%| F|  |TAMS 0x0000000088800000, 0x0000000088800000| Untracked 
| 113|0x0000000088900000, 0x0000000088a00000, 0x0000000088a00000|100%| S|CS|TAMS 0x0000000088900000, 0x0000000088900000| Complete 
| 114|0x0000000088a00000, 0x0000000088b00000, 0x0000000088b00000|100%| S|CS|TAMS 0x0000000088a00000, 0x0000000088a00000| Complete 
| 115|0x0000000088b00000, 0x0000000088b00000, 0x0000000088c00000|  0%| F|  |TAMS 0x0000000088b00000, 0x0000000088b00000| Untracked 
| 116|0x0000000088c00000, 0x0000000088c00000, 0x0000000088d00000|  0%| F|  |TAMS 0x0000000088c00000, 0x0000000088c00000| Untracked 
| 117|0x0000000088d00000, 0x0000000088d00000, 0x0000000088e00000|  0%| F|  |TAMS 0x0000000088d00000, 0x0000000088d00000| Untracked 
| 118|0x0000000088e00000, 0x0000000088e00000, 0x0000000088f00000|  0%| F|  |TAMS 0x0000000088e00000, 0x0000000088e00000| Untracked 
| 119|0x0000000088f00000, 0x0000000088f00000, 0x0000000089000000|  0%| F|  |TAMS 0x0000000088f00000, 0x0000000088f00000| Untracked 
| 120|0x0000000089000000, 0x0000000089000000, 0x0000000089100000|  0%| F|  |TAMS 0x0000000089000000, 0x0000000089000000| Untracked 
| 121|0x0000000089100000, 0x0000000089100000, 0x0000000089200000|  0%| F|  |TAMS 0x0000000089100000, 0x0000000089100000| Untracked 
| 122|0x0000000089200000, 0x0000000089200000, 0x0000000089300000|  0%| F|  |TAMS 0x0000000089200000, 0x0000000089200000| Untracked 
| 123|0x0000000089300000, 0x0000000089300000, 0x0000000089400000|  0%| F|  |TAMS 0x0000000089300000, 0x0000000089300000| Untracked 
| 124|0x0000000089400000, 0x0000000089400000, 0x0000000089500000|  0%| F|  |TAMS 0x0000000089400000, 0x0000000089400000| Untracked 
| 125|0x0000000089500000, 0x0000000089500000, 0x0000000089600000|  0%| F|  |TAMS 0x0000000089500000, 0x0000000089500000| Untracked 
| 126|0x0000000089600000, 0x00000000896339a0, 0x0000000089700000| 20%| E|  |TAMS 0x0000000089600000, 0x0000000089600000| Complete 
| 127|0x0000000089700000, 0x0000000089800000, 0x0000000089800000|100%| E|CS|TAMS 0x0000000089700000, 0x0000000089700000| Complete 

Card table byte_map: [0x00000155a3ac0000,0x00000155a3ec0000] _byte_map_base: 0x00000155a36b4000

Marking Bits (Prev, Next): (CMBitMap*) 0x000001558f484700, (CMBitMap*) 0x000001558f484740
 Prev Bits: [0x00000155a42c0000, 0x00000155a6260000)
 Next Bits: [0x00000155a6260000, 0x00000155a8200000)

Polling page: 0x000001558f260000

Metaspace:

Usage:
  Non-class:     14.55 MB used.
      Class:      1.71 MB used.
       Both:     16.27 MB used.

Virtual space:
  Non-class space:       64.00 MB reserved,      14.63 MB ( 23%) committed,  1 nodes.
      Class space:        1.00 GB reserved,       1.81 MB ( <1%) committed,  1 nodes.
             Both:        1.06 GB reserved,      16.44 MB (  2%) committed. 

Chunk freelists:
   Non-Class:  720.00 KB
       Class:  14.17 MB
        Both:  14.88 MB

MaxMetaspaceSize: unlimited
CompressedClassSpaceSize: 1.00 GB
Initial GC threshold: 21.00 MB
Current GC threshold: 21.00 MB
CDS: off
MetaspaceReclaimPolicy: balanced
 - commit_granule_bytes: 65536.
 - commit_granule_words: 8192.
 - virtual_space_node_default_size: 8388608.
 - enlarge_chunks_in_place: 1.
 - new_chunks_are_fully_committed: 0.
 - uncommit_free_chunks: 1.
 - use_allocation_guard: 0.
 - handle_deallocations: 1.


Internal statistics:

num_allocs_failed_limit: 0.
num_arena_births: 146.
num_arena_deaths: 0.
num_vsnodes_births: 2.
num_vsnodes_deaths: 0.
num_space_committed: 263.
num_space_uncommitted: 0.
num_chunks_returned_to_freelist: 0.
num_chunks_taken_from_freelist: 311.
num_chunk_merges: 0.
num_chunk_splits: 182.
num_chunks_enlarged: 104.
num_inconsistent_stats: 0.

CodeHeap 'non-profiled nmethods': size=120000Kb used=329Kb max_used=329Kb free=119670Kb
 bounds [0x000001559bb70000, 0x000001559bde0000, 0x00000155a30a0000]
CodeHeap 'profiled nmethods': size=120000Kb used=1814Kb max_used=1814Kb free=118185Kb
 bounds [0x00000155940a0000, 0x0000015594310000, 0x000001559b5d0000]
CodeHeap 'non-nmethods': size=5760Kb used=1189Kb max_used=1205Kb free=4570Kb
 bounds [0x000001559b5d0000, 0x000001559b840000, 0x000001559bb70000]
 total_blobs=1595 nmethods=1111 adapters=397
 compilation: enabled
              stopped_count=0, restarted_count=0
 full_count=0

Compilation events (20 events):
Event: 9.398 Thread 0x00000155aaa57010 1103       3       java.nio.ByteBuffer::hasArray (20 bytes)
Event: 9.399 Thread 0x00000155aaa57010 nmethod 1103 0x0000015594262210 code [0x00000155942623a0, 0x0000015594262558]
Event: 9.400 Thread 0x00000155aaa57010 1104       3       java.nio.Buffer::hasRemaining (17 bytes)
Event: 9.400 Thread 0x00000155aaa57010 nmethod 1104 0x0000015594262610 code [0x00000155942627a0, 0x0000015594262918]
Event: 9.400 Thread 0x00000155aaa57010 1105       3       jdk.internal.net.http.Http1HeaderParser::get (10 bytes)
Event: 9.400 Thread 0x00000155aaa57010 nmethod 1105 0x0000015594262990 code [0x0000015594262b40, 0x0000015594262d08]
Event: 9.401 Thread 0x00000155aaa57010 1106   !   3       jdk.internal.misc.ScopedMemoryAccess::copyMemory (31 bytes)
Event: 9.401 Thread 0x00000155aaa57010 nmethod 1106 0x0000015594262e10 code [0x0000015594263020, 0x00000155942636b8]
Event: 9.401 Thread 0x00000155aaa57010 1107   !   3       jdk.internal.misc.ScopedMemoryAccess::copyMemoryInternal (60 bytes)
Event: 9.402 Thread 0x00000155aaa57010 nmethod 1107 0x0000015594263a90 code [0x0000015594263c80, 0x00000155942641a8]
Event: 9.402 Thread 0x00000155aaa57010 1108       3       jdk.internal.misc.Unsafe::checkNativeAddress (28 bytes)
Event: 9.402 Thread 0x00000155aaa57010 nmethod 1108 0x0000015594264490 code [0x0000015594264620, 0x0000015594264738]
Event: 9.405 Thread 0x00000155aaa57010 1109       3       java.nio.MappedByteBuffer::limit (6 bytes)
Event: 9.405 Thread 0x00000155aaa57010 nmethod 1109 0x0000015594264810 code [0x00000155942649c0, 0x0000015594264bc8]
Event: 9.406 Thread 0x00000155aaa57010 1110       3       java.lang.invoke.TypeConvertingMethodAdapter::cast (42 bytes)
Event: 9.406 Thread 0x00000155aaa557c0 1111       4       jdk.internal.org.objectweb.asm.SymbolTable::addConstantUtf8 (98 bytes)
Event: 9.406 Thread 0x00000155aaa57010 nmethod 1110 0x0000015594264d10 code [0x0000015594264f00, 0x0000015594265368]
Event: 9.407 Thread 0x00000155aaa57010 1112       3       jdk.internal.org.objectweb.asm.ClassVisitor::<init> (7 bytes)
Event: 9.408 Thread 0x00000155aaa57010 nmethod 1112 0x0000015594265510 code [0x00000155942656c0, 0x0000015594265808]
Event: 9.408 Thread 0x00000155aaa57010 1113       3       jdk.internal.org.objectweb.asm.ClassWriter::toByteArray (1515 bytes)

GC Heap History (2 events):
Event: 1.218 GC heap before
{Heap before GC invocations=0 (full 0):
 garbage-first heap   total 131072K, used 13312K [0x0000000081800000, 0x0000000100000000)
  region size 1024K, 13 young (13312K), 0 survivors (0K)
 Metaspace       used 16373K, committed 16576K, reserved 1114112K
  class space    used 1712K, committed 1792K, reserved 1048576K
}
Event: 1.223 GC heap after
{Heap after GC invocations=1 (full 0):
 garbage-first heap   total 131072K, used 2276K [0x0000000081800000, 0x0000000100000000)
  region size 1024K, 2 young (2048K), 2 survivors (2048K)
 Metaspace       used 16373K, committed 16576K, reserved 1114112K
  class space    used 1712K, committed 1792K, reserved 1048576K
}

Dll operation events (1 events):
Event: 0.007 Loaded shared library C:\Program Files\Android\Android Studio\jbr\bin\java.dll

Deoptimization events (14 events):
Event: 0.571 Thread 0x000001558f42cdb0 DEOPT PACKING pc=0x00000155940d4dad sp=0x0000002fcb7fe010
Event: 0.571 Thread 0x000001558f42cdb0 DEOPT UNPACKING pc=0x000001559b627143 sp=0x0000002fcb7fd4a8 mode 0
Event: 0.750 Thread 0x000001558f42cdb0 Uncommon trap: trap_request=0xffffff45 fr.pc=0x000001559bb873f4 relative=0x00000000000003d4
Event: 0.750 Thread 0x000001558f42cdb0 Uncommon trap: reason=unstable_if action=reinterpret pc=0x000001559bb873f4 method=java.lang.StringLatin1.newString([BII)Ljava/lang/String; @ 1 c2
Event: 0.750 Thread 0x000001558f42cdb0 DEOPT PACKING pc=0x000001559bb873f4 sp=0x0000002fcb7fe7c0
Event: 0.750 Thread 0x000001558f42cdb0 DEOPT UNPACKING pc=0x000001559b6269a3 sp=0x0000002fcb7fe788 mode 2
Event: 0.765 Thread 0x000001558f42cdb0 DEOPT PACKING pc=0x00000155940b6e67 sp=0x0000002fcb7fdc90
Event: 0.765 Thread 0x000001558f42cdb0 DEOPT UNPACKING pc=0x000001559b627143 sp=0x0000002fcb7fd0b0 mode 0
Event: 0.807 Thread 0x000001558f42cdb0 DEOPT PACKING pc=0x00000155940b5e51 sp=0x0000002fcb7fd100
Event: 0.807 Thread 0x000001558f42cdb0 DEOPT UNPACKING pc=0x000001559b627143 sp=0x0000002fcb7fc578 mode 0
Event: 1.249 Thread 0x00000155af3a0440 Uncommon trap: trap_request=0xffffff45 fr.pc=0x000001559bb8a7a0 relative=0x0000000000000920
Event: 1.249 Thread 0x00000155af3a0440 Uncommon trap: reason=unstable_if action=reinterpret pc=0x000001559bb8a7a0 method=java.util.HashMap.putVal(ILjava/lang/Object;Ljava/lang/Object;ZZ)Ljava/lang/Object; @ 81 c2
Event: 1.249 Thread 0x00000155af3a0440 DEOPT PACKING pc=0x000001559bb8a7a0 sp=0x0000002fcccfea00
Event: 1.249 Thread 0x00000155af3a0440 DEOPT UNPACKING pc=0x000001559b6269a3 sp=0x0000002fcccfe9a0 mode 2

Classes unloaded (0 events):
No events

Classes redefined (0 events):
No events

Internal exceptions (20 events):
Event: 0.497 Thread 0x000001558f42cdb0 Exception <a 'java/lang/NoSuchMethodError'{0x0000000089306030}: 'java.lang.Object java.lang.invoke.DirectMethodHandle$Holder.invokeStaticInit(java.lang.Object, int, int, int, int)'> (0x0000000089306030) 
thrown [s\src\hotspot\share\interpreter\linkResolver.cpp, line 771]
Event: 0.585 Thread 0x000001558f42cdb0 Exception <a 'java/lang/NoSuchMethodError'{0x00000000893acca0}: 'java.lang.Object java.lang.invoke.DirectMethodHandle$Holder.invokeStaticInit(java.lang.Object, java.lang.Object, int, int, int, int)'> (0x00000000893acca0) 
thrown [s\src\hotspot\share\interpreter\linkResolver.cpp, line 771]
Event: 0.605 Thread 0x000001558f42cdb0 Exception <a 'java/lang/NoSuchMethodError'{0x00000000893ff830}: 'java.lang.Object java.lang.invoke.DirectMethodHandle$Holder.invokeStatic(java.lang.Object, java.lang.Object, int)'> (0x00000000893ff830) 
thrown [s\src\hotspot\share\interpreter\linkResolver.cpp, line 771]
Event: 0.605 Thread 0x000001558f42cdb0 Exception <a 'java/lang/NoSuchMethodError'{0x0000000089219790}: 'java.lang.Object java.lang.invoke.DirectMethodHandle$Holder.invokeStaticInit(java.lang.Object, java.lang.Object, int)'> (0x0000000089219790) 
thrown [s\src\hotspot\share\interpreter\linkResolver.cpp, line 771]
Event: 0.606 Thread 0x000001558f42cdb0 Exception <a 'java/lang/NoSuchMethodError'{0x000000008921fb40}: 'java.lang.Object java.lang.invoke.DirectMethodHandle$Holder.newInvokeSpecial(java.lang.Object, java.lang.Object, int)'> (0x000000008921fb40) 
thrown [s\src\hotspot\share\interpreter\linkResolver.cpp, line 771]
Event: 0.610 Thread 0x000001558f42cdb0 Exception <a 'java/lang/NoSuchMethodError'{0x000000008922f220}: 'int java.lang.invoke.DirectMethodHandle$Holder.invokeStaticInit(java.lang.Object, java.lang.Object, java.lang.Object)'> (0x000000008922f220) 
thrown [s\src\hotspot\share\interpreter\linkResolver.cpp, line 771]
Event: 0.615 Thread 0x000001558f42cdb0 Exception <a 'java/lang/NoSuchMethodError'{0x000000008923f400}: 'int java.lang.invoke.DirectMethodHandle$Holder.invokeSpecial(java.lang.Object, java.lang.Object, java.lang.Object)'> (0x000000008923f400) 
thrown [s\src\hotspot\share\interpreter\linkResolver.cpp, line 771]
Event: 0.617 Thread 0x000001558f42cdb0 Exception <a 'java/lang/NoSuchMethodError'{0x00000000892477e0}: 'int java.lang.invoke.DirectMethodHandle$Holder.invokeSpecialIFC(java.lang.Object, java.lang.Object, java.lang.Object)'> (0x00000000892477e0) 
thrown [s\src\hotspot\share\interpreter\linkResolver.cpp, line 771]
Event: 0.669 Thread 0x000001558f42cdb0 Exception <a 'java/lang/NoSuchMethodError'{0x00000000892d3e60}: 'java.lang.Object java.lang.invoke.DirectMethodHandle$Holder.invokeStaticInit(java.lang.Object)'> (0x00000000892d3e60) 
thrown [s\src\hotspot\share\interpreter\linkResolver.cpp, line 771]
Event: 0.764 Thread 0x000001558f42cdb0 Exception <a 'java/lang/NoSuchMethodError'{0x0000000089058fa8}: 'java.lang.Object java.lang.invoke.DirectMethodHandle$Holder.newInvokeSpecial(java.lang.Object, java.lang.Object, java.lang.Object, java.lang.Object, java.lang.Object)'> (0x0000000089058fa8) 
thrown [s\src\hotspot\share\interpreter\linkResolver.cpp, line 771]
Event: 0.809 Thread 0x000001558f42cdb0 Exception <a 'java/lang/NoSuchMethodError'{0x0000000088fe4238}: 'java.lang.Object java.lang.invoke.DirectMethodHandle$Holder.invokeSpecial(java.lang.Object, java.lang.Object, java.lang.Object, java.lang.Object, int)'> (0x0000000088fe4238) 
thrown [s\src\hotspot\share\interpreter\linkResolver.cpp, line 771]
Event: 0.810 Thread 0x000001558f42cdb0 Exception <a 'java/lang/NoSuchMethodError'{0x0000000088fe7e00}: 'java.lang.Object java.lang.invoke.Invokers$Holder.linkToTargetMethod(java.lang.Object, java.lang.Object, int, java.lang.Object)'> (0x0000000088fe7e00) 
thrown [s\src\hotspot\share\interpreter\linkResolver.cpp, line 771]
Event: 0.824 Thread 0x000001558f42cdb0 Exception <a 'java/lang/NoSuchMethodError'{0x0000000088e49608}: 'void java.lang.invoke.DirectMethodHandle$Holder.invokeSpecial(java.lang.Object, java.lang.Object, java.lang.Object)'> (0x0000000088e49608) 
thrown [s\src\hotspot\share\interpreter\linkResolver.cpp, line 771]
Event: 0.842 Thread 0x00000155af3345e0 Exception <a 'java/lang/NoSuchMethodError'{0x0000000089022570}: 'void java.lang.invoke.DirectMethodHandle$Holder.invokeStatic(java.lang.Object, java.lang.Object, int)'> (0x0000000089022570) 
thrown [s\src\hotspot\share\interpreter\linkResolver.cpp, line 771]
Event: 0.843 Thread 0x000001558f42cdb0 Exception <a 'java/lang/NoSuchMethodError'{0x0000000088ecfc28}: 'void java.lang.invoke.DirectMethodHandle$Holder.invokeSpecial(java.lang.Object, java.lang.Object, java.lang.Object, java.lang.Object, java.lang.Object)'> (0x0000000088ecfc28) 
thrown [s\src\hotspot\share\interpreter\linkResolver.cpp, line 771]
Event: 0.854 Thread 0x00000155af3a0440 Exception <a 'java/lang/NoSuchMethodError'{0x0000000088d66f50}: 'void java.lang.invoke.DirectMethodHandle$Holder.invokeInterface(java.lang.Object, java.lang.Object, java.lang.Object)'> (0x0000000088d66f50) 
thrown [s\src\hotspot\share\interpreter\linkResolver.cpp, line 771]
Event: 0.858 Thread 0x00000155af3a0440 Exception <a 'java/lang/NoSuchMethodError'{0x0000000088d7d438}: 'int java.lang.invoke.DirectMethodHandle$Holder.invokeStaticInit(java.lang.Object, int, int)'> (0x0000000088d7d438) 
thrown [s\src\hotspot\share\interpreter\linkResolver.cpp, line 771]
Event: 0.864 Thread 0x00000155af3a0440 Exception <a 'java/lang/NoSuchMethodError'{0x0000000088dbfe00}: 'void java.lang.invoke.DirectMethodHandle$Holder.invokeVirtual(java.lang.Object, java.lang.Object)'> (0x0000000088dbfe00) 
thrown [s\src\hotspot\share\interpreter\linkResolver.cpp, line 771]
Event: 1.161 Thread 0x00000155af3a0440 Exception <a 'java/lang/NoSuchMethodError'{0x0000000088cdec20}: 'void java.lang.invoke.DirectMethodHandle$Holder.invokeInterface(java.lang.Object, java.lang.Object)'> (0x0000000088cdec20) 
thrown [s\src\hotspot\share\interpreter\linkResolver.cpp, line 771]
Event: 1.205 Thread 0x00000155af3a0440 Exception <a 'java/lang/NoSuchMethodError'{0x0000000088b5f788}: 'void java.lang.invoke.DirectMethodHandle$Holder.invokeStatic(java.lang.Object, java.lang.Object, java.lang.Object, java.lang.Object)'> (0x0000000088b5f788) 
thrown [s\src\hotspot\share\interpreter\linkResolver.cpp, line 771]

VM Operations (12 events):
Event: 0.175 Executing VM operation: HandshakeAllThreads
Event: 0.175 Executing VM operation: HandshakeAllThreads done
Event: 0.200 Executing VM operation: HandshakeAllThreads
Event: 0.200 Executing VM operation: HandshakeAllThreads done
Event: 0.517 Executing VM operation: HandshakeAllThreads
Event: 0.517 Executing VM operation: HandshakeAllThreads done
Event: 0.677 Executing VM operation: HandshakeAllThreads
Event: 0.677 Executing VM operation: HandshakeAllThreads done
Event: 1.218 Executing VM operation: G1CollectForAllocation
Event: 1.223 Executing VM operation: G1CollectForAllocation done
Event: 3.223 Executing VM operation: Cleanup
Event: 3.223 Executing VM operation: Cleanup done

Events (20 events):
Event: 1.236 loading class java/util/Collections$UnmodifiableMap$UnmodifiableEntrySet
Event: 1.236 loading class java/util/Collections$UnmodifiableMap$UnmodifiableEntrySet done
Event: 1.236 loading class java/util/Collections$UnmodifiableMap$UnmodifiableEntrySet$1
Event: 1.236 loading class java/util/Collections$UnmodifiableMap$UnmodifiableEntrySet$1 done
Event: 1.236 loading class java/util/Collections$UnmodifiableMap$UnmodifiableEntrySet$UnmodifiableEntry
Event: 1.236 loading class java/util/Collections$UnmodifiableMap$UnmodifiableEntrySet$UnmodifiableEntry done
Event: 1.248 loading class sun/security/ssl/NewSessionTicket$T13NewSessionTicketMessage
Event: 1.248 loading class sun/security/ssl/NewSessionTicket$NewSessionTicketMessage
Event: 1.248 loading class sun/security/ssl/NewSessionTicket$NewSessionTicketMessage done
Event: 1.248 loading class sun/security/ssl/NewSessionTicket$T13NewSessionTicketMessage done
Event: 6.249 Thread 0x00000155af438060 Thread exited: 0x00000155af438060
Event: 9.402 loading class java/util/LinkedList$DescendingIterator
Event: 9.402 loading class java/util/LinkedList$DescendingIterator done
Event: 9.402 loading class sun/net/www/HeaderParser
Event: 9.403 loading class sun/net/www/HeaderParser done
Event: 9.407 loading class java/util/function/ToLongFunction
Event: 9.407 loading class java/util/function/ToLongFunction done
Event: 9.408 loading class java/util/stream/ReferencePipeline$5
Event: 9.408 loading class java/util/stream/LongPipeline$StatelessOp
Event: 9.409 loading class java/util/stream/LongPipeline


Dynamic libraries:
0x00007ff65fa70000 - 0x00007ff65fa7a000 	C:\Program Files\Android\Android Studio\jbr\bin\java.exe
0x00007ffa0be50000 - 0x00007ffa0c03d000 	C:\Windows\SYSTEM32\ntdll.dll
0x00007ffa0b1b0000 - 0x00007ffa0b263000 	C:\Windows\System32\KERNEL32.DLL
0x00007ffa08da0000 - 0x00007ffa09033000 	C:\Windows\System32\KERNELBASE.dll
0x00007ffa08690000 - 0x00007ffa0878a000 	C:\Windows\System32\ucrtbase.dll
0x00007ffa00d40000 - 0x00007ffa00d5b000 	C:\Program Files\Android\Android Studio\jbr\bin\VCRUNTIME140.dll
0x00007ff9dbfc0000 - 0x00007ff9dbfd7000 	C:\Program Files\Android\Android Studio\jbr\bin\jli.dll
0x00007ffa0a5a0000 - 0x00007ffa0a737000 	C:\Windows\System32\USER32.dll
0x00007ffa08d80000 - 0x00007ffa08da0000 	C:\Windows\System32\win32u.dll
0x00007ffa0b100000 - 0x00007ffa0b129000 	C:\Windows\System32\GDI32.dll
0x00007ffa08870000 - 0x00007ffa08a09000 	C:\Windows\System32\gdi32full.dll
0x00007ff9f7d50000 - 0x00007ff9f7fc9000 	C:\Windows\WinSxS\amd64_microsoft.windows.common-controls_6595b64144ccf1df_6.0.17763.864_none_05b3441807210760\COMCTL32.dll
0x00007ffa08c90000 - 0x00007ffa08d30000 	C:\Windows\System32\msvcp_win.dll
0x00007ffa0b820000 - 0x00007ffa0b8be000 	C:\Windows\System32\msvcrt.dll
0x00007ffa0ac40000 - 0x00007ffa0af6c000 	C:\Windows\System32\combase.dll
0x00007ffa0afd0000 - 0x00007ffa0b0f2000 	C:\Windows\System32\RPCRT4.dll
0x00007ffa08c10000 - 0x00007ffa08c8e000 	C:\Windows\System32\bcryptPrimitives.dll
0x00007ffa0b4d0000 - 0x00007ffa0b4fe000 	C:\Windows\System32\IMM32.DLL
0x000000005bf90000 - 0x000000005bf9c000 	C:\Program Files (x86)\360\Total Security\safemon\SafeWrapper.dll
0x00007ffa0b570000 - 0x00007ffa0b613000 	C:\Windows\System32\ADVAPI32.dll
0x00007ffa0aba0000 - 0x00007ffa0ac3e000 	C:\Windows\System32\sechost.dll
0x00007ff9db930000 - 0x00007ff9db9c2000 	C:\Program Files (x86)\360\Total Security\safemon\libzdtp64.dll
0x00007ffa090a0000 - 0x00007ffa0a594000 	C:\Windows\System32\SHELL32.dll
0x00007ffa08d30000 - 0x00007ffa08d7a000 	C:\Windows\System32\cfgmgr32.dll
0x00007ffa0bda0000 - 0x00007ffa0be48000 	C:\Windows\System32\shcore.dll
0x00007ffa07f40000 - 0x00007ffa0868d000 	C:\Windows\System32\windows.storage.dll
0x00007ffa07ef0000 - 0x00007ffa07f14000 	C:\Windows\System32\profapi.dll
0x00007ffa07e90000 - 0x00007ffa07eed000 	C:\Windows\System32\powrprof.dll
0x00007ffa0ab40000 - 0x00007ffa0ab92000 	C:\Windows\System32\shlwapi.dll
0x00007ffa07e70000 - 0x00007ffa07e81000 	C:\Windows\System32\kernel.appcore.dll
0x00007ffa08bf0000 - 0x00007ffa08c07000 	C:\Windows\System32\cryptsp.dll
0x00007ffa07a70000 - 0x00007ffa07a7a000 	C:\Windows\SYSTEM32\VERSION.dll
0x00007ff9f3ac0000 - 0x00007ff9f3acc000 	C:\Program Files\Android\Android Studio\jbr\bin\vcruntime140_1.dll
0x00007ff9db780000 - 0x00007ff9db80d000 	C:\Program Files\Android\Android Studio\jbr\bin\msvcp140.dll
0x00007ff9b11a0000 - 0x00007ff9b1e23000 	C:\Program Files\Android\Android Studio\jbr\bin\server\jvm.dll
0x00007ff9fde40000 - 0x00007ff9fde49000 	C:\Windows\SYSTEM32\WSOCK32.dll
0x00007ffa05e40000 - 0x00007ffa05e64000 	C:\Windows\SYSTEM32\WINMM.dll
0x00007ffa0b6f0000 - 0x00007ffa0b75d000 	C:\Windows\System32\WS2_32.dll
0x00007ffa05cd0000 - 0x00007ffa05cfd000 	C:\Windows\SYSTEM32\WINMMBASE.dll
0x00007ff9fc680000 - 0x00007ff9fc68a000 	C:\Program Files\Android\Android Studio\jbr\bin\jimage.dll
0x00007ff9ebc30000 - 0x00007ff9ebe1d000 	C:\Windows\SYSTEM32\DBGHELP.DLL
0x00007ff9ebb60000 - 0x00007ff9ebb8a000 	C:\Windows\SYSTEM32\dbgcore.DLL
0x00007ff9ebb30000 - 0x00007ff9ebb55000 	C:\Program Files\Android\Android Studio\jbr\bin\java.dll
0x00007ff9f3ad0000 - 0x00007ff9f3ae8000 	C:\Program Files\Android\Android Studio\jbr\bin\zip.dll
0x00007ff9f0bf0000 - 0x00007ff9f0c09000 	C:\Program Files\Android\Android Studio\jbr\bin\net.dll
0x00007ffa01160000 - 0x00007ffa01252000 	C:\Windows\SYSTEM32\WINHTTP.dll
0x00007ffa07670000 - 0x00007ffa076d7000 	C:\Windows\system32\mswsock.dll
0x00007ff9eba70000 - 0x00007ff9eba86000 	C:\Program Files\Android\Android Studio\jbr\bin\nio.dll
0x00007ffa071f0000 - 0x00007ffa07223000 	C:\Windows\system32\rsaenh.dll
0x00007ffa08790000 - 0x00007ffa087b6000 	C:\Windows\System32\bcrypt.dll
0x00007ffa07da0000 - 0x00007ffa07dc8000 	C:\Windows\SYSTEM32\USERENV.dll
0x00007ffa07840000 - 0x00007ffa0784c000 	C:\Windows\SYSTEM32\CRYPTBASE.dll
0x00007ffa07390000 - 0x00007ffa073cd000 	C:\Windows\SYSTEM32\IPHLPAPI.DLL
0x00007ffa0b770000 - 0x00007ffa0b778000 	C:\Windows\System32\NSI.dll
0x00007ffa02eb0000 - 0x00007ffa02ec6000 	C:\Windows\SYSTEM32\dhcpcsvc6.DLL
0x00007ffa02fe0000 - 0x00007ffa02ffc000 	C:\Windows\SYSTEM32\dhcpcsvc.DLL
0x00007ffa073d0000 - 0x00007ffa07496000 	C:\Windows\SYSTEM32\DNSAPI.dll
0x00007ff9f4cb0000 - 0x00007ff9f4cb7000 	C:\Windows\system32\wshunix.dll

dbghelp: loaded successfully - version: 4.0.5 - missing functions: none
symbol engine: initialized successfully - sym options: 0x614 - pdb path: .;C:\Program Files\Android\Android Studio\jbr\bin;C:\Windows\SYSTEM32;C:\Windows\WinSxS\amd64_microsoft.windows.common-controls_6595b64144ccf1df_6.0.17763.864_none_05b3441807210760;C:\Program Files (x86)\360\Total Security\safemon;C:\Program Files\Android\Android Studio\jbr\bin\server

VM Arguments:
java_command: git4idea.http.GitAskPassApp Username for 'https://github.com': 
java_class_path (initial): C:/Program Files/Android/Android Studio/plugins/vcs-git/lib/git4idea-rt.jar;C:/Program Files/Android/Android Studio/lib/externalProcess-rt.jar
Launcher Type: SUN_STANDARD

[Global flags]
     intx CICompilerCount                          = 3                                         {product} {ergonomic}
     uint ConcGCThreads                            = 1                                         {product} {ergonomic}
     uint G1ConcRefinementThreads                  = 4                                         {product} {ergonomic}
   size_t G1HeapRegionSize                         = 1048576                                   {product} {ergonomic}
    uintx GCDrainStackTargetSize                   = 64                                        {product} {ergonomic}
   size_t InitialHeapSize                          = 134217728                                 {product} {ergonomic}
   size_t MarkStackSize                            = 4194304                                   {product} {ergonomic}
   size_t MaxHeapSize                              = 2122317824                                {product} {ergonomic}
   size_t MaxNewSize                               = 1272971264                                {product} {ergonomic}
   size_t MinHeapDeltaBytes                        = 1048576                                   {product} {ergonomic}
   size_t MinHeapSize                              = 8388608                                   {product} {ergonomic}
    uintx NonNMethodCodeHeapSize                   = 5832780                                {pd product} {ergonomic}
    uintx NonProfiledCodeHeapSize                  = 122912730                              {pd product} {ergonomic}
    uintx ProfiledCodeHeapSize                     = 122912730                              {pd product} {ergonomic}
    uintx ReservedCodeCacheSize                    = 251658240                              {pd product} {ergonomic}
     bool SegmentedCodeCache                       = true                                      {product} {ergonomic}
   size_t SoftMaxHeapSize                          = 2122317824                             {manageable} {ergonomic}
     bool UseCompressedClassPointers               = true                           {product lp64_product} {ergonomic}
     bool UseCompressedOops                        = true                           {product lp64_product} {ergonomic}
     bool UseG1GC                                  = true                                      {product} {ergonomic}
     bool UseLargePagesIndividualAllocation        = false                                  {pd product} {ergonomic}

Logging:
Log output configuration:
 #0: stdout all=warning uptime,level,tags
 #1: stderr all=off uptime,level,tags

Environment Variables:
PATH=C:\Program Files\Git\mingw64\libexec\git-core;C:\Program Files\Git\mingw64\libexec\git-core;C:\Program Files\Git\mingw64\bin;C:\Program Files\Git\usr\bin;C:\Users\Pielago Family\bin;C:\Program Files\Common Files\Oracle\Java\javapath;C:\Program Files (x86)\Common Files\Oracle\Java\javapath;C:\Windows\system32;C:\Windows;C:\Windows\System32\Wbem;C:\Windows\System32\WindowsPowerShell\v1.0;C:\Program Files\Git\cmd;C:\Users\Pielago Family\AppData\Local\Microsoft\WindowsApps;C:\Users\Pielago Family\AppData\Local\Programs\Microsoft VS Code\bin;C:\MinGW\bin
USERNAME=Pielago Family
DISPLAY=:0.0
LC_ALL=en_US.UTF-8
TERM=xterm-256color
TMPDIR=C:\Temp
OS=Windows_NT
PROCESSOR_IDENTIFIER=Intel64 Family 6 Model 60 Stepping 3, GenuineIntel
TMP=C:\Temp
TEMP=C:\Temp



Periodic native trim disabled

JNI global refs:
JNI global refs: 18, weak refs: 0

JNI global refs memory usage: 843, weak refs: 841

OOME stack traces (most recent first):
Classloader memory used:
Loader bootstrap                                                                       : 1859K
Loader jdk.internal.loader.ClassLoaders$PlatformClassLoader                            : 220K
Loader jdk.internal.loader.ClassLoaders$AppClassLoader                                 : 1815B
Loader jdk.internal.reflect.DelegatingClassLoader                                      : 864B


---------------  S Y S T E M  ---------------

OS:
 Windows 10 , 64 bit Build 17763 (10.0.17763.475)
OS uptime: 0 days 14:49 hours

CPU: total 4 (initial active 4) (2 cores per cpu, 2 threads per core) family 6 model 60 stepping 3 microcode 0x28, cx8, cmov, fxsr, ht, mmx, sse, sse2, sse3, ssse3, sse4.1, sse4.2, popcnt, lzcnt, tsc, tscinvbit, avx, avx2, aes, erms, clmul, bmi1, bmi2, fma, vzeroupper, clflush
Processor Information for all 4 processors :
  Max Mhz: 2601, Current Mhz: 2601, Mhz Limit: 2601

Memory: 4k page, system-wide physical 8089M (544M free)
TotalPageFile size 8089M (AvailPageFile size 5M)
current process WorkingSet (physical memory assigned to process): 70M, peak: 70M
current process commit charge ("private bytes"): 213M, peak: 215M

vm_info: OpenJDK 64-Bit Server VM (17.0.9+0--11185874) for windows-amd64 JRE (17.0.9+0--11185874), built on Dec  6 2023 18:57:44 by "androidbuild" with MS VC++ 16.10 / 16.11 (VS2019)

END.
