#
# There is insufficient memory for the Java Runtime Environment to continue.
# Native memory allocation (mmap) failed to map 134217728 bytes for G1 virtual space
# Possible reasons:
#   The system is out of physical RAM or swap space
#   The process is running with CompressedOops enabled, and the Java Heap may be blocking the growth of the native heap
# Possible solutions:
#   Reduce memory load on the system
#   Increase physical memory or swap space
#   Check if swap backing store is full
#   Decrease Java heap size (-Xmx/-Xms)
#   Decrease number of Java threads
#   Decrease Java thread stack sizes (-Xss)
#   Set larger code cache with -XX:ReservedCodeCacheSize=
#   JVM is running with Unscaled Compressed Oops mode in which the Java heap is
#     placed in the first 4GB address space. The Java Heap base address is the
#     maximum limit for the native heap growth. Please use -XX:HeapBaseMinAddress
#     to set the Java Heap base and to place the Java Heap above 4GB virtual address.
# This output file may be truncated or incomplete.
#
#  Out of Memory Error (os_windows.cpp:3825), pid=3768, tid=5532
#
# JRE version:  (17.0.9) (build )
# Java VM: OpenJDK 64-Bit Server VM (17.0.9+0--11185874, mixed mode, sharing, tiered, compressed oops, compressed class ptrs, g1 gc, windows-amd64)
# No core dump will be written. Minidumps are not enabled by default on client versions of Windows
#

---------------  S U M M A R Y ------------

Command Line: git4idea.http.GitAskPassApp Username for 'https://github.com': 

Host: Intel(R) Core(TM) i5-4210M CPU @ 2.60GHz, 4 cores, 7G,  Windows 10 , 64 bit Build 17763 (10.0.17763.475)
Time: Fri May 17 16:13:19 2024 Malay Peninsula Standard Time elapsed time: 0.021205 seconds (0d 0h 0m 0s)

---------------  T H R E A D  ---------------

Current thread (0x000002373dd8c5e0):  JavaThread "Unknown thread" [_thread_in_vm, id=5532, stack(0x00000068a9500000,0x00000068a9600000)]

Stack: [0x00000068a9500000,0x00000068a9600000]
Native frames: (J=compiled Java code, j=interpreted, Vv=VM code, C=native code)
V  [jvm.dll+0x6886e9]
V  [jvm.dll+0x841e4a]
V  [jvm.dll+0x843a8e]
V  [jvm.dll+0x8440f3]
V  [jvm.dll+0x24c14f]
V  [jvm.dll+0x685499]
V  [jvm.dll+0x679c2a]
V  [jvm.dll+0x30cf9b]
V  [jvm.dll+0x314446]
V  [jvm.dll+0x36425e]
V  [jvm.dll+0x36448f]
V  [jvm.dll+0x2e2d68]
V  [jvm.dll+0x2e3cd4]
V  [jvm.dll+0x8129f1]
V  [jvm.dll+0x3720c1]
V  [jvm.dll+0x7f152c]
V  [jvm.dll+0x3f5d4f]
V  [jvm.dll+0x3f7981]
C  [jli.dll+0x528f]
C  [ucrtbase.dll+0x21ffa]
C  [KERNEL32.DLL+0x17974]
C  [ntdll.dll+0x6a271]


---------------  P R O C E S S  ---------------

Threads class SMR info:
_java_thread_list=0x00007ff9b1cdef18, length=0, elements={
}

Java Threads: ( => current thread )

Other Threads:
  0x000002373dde4120 GCTaskThread "GC Thread#0" [stack: 0x00000068a9600000,0x00000068a9700000] [id=5264]
  0x000002373ddf4d70 ConcurrentGCThread "G1 Main Marker" [stack: 0x00000068a9700000,0x00000068a9800000] [id=6580]
  0x000002373ddf5790 ConcurrentGCThread "G1 Conc#0" [stack: 0x00000068a9800000,0x00000068a9900000] [id=7392]

[error occurred during error reporting (printing all threads), id 0xc0000005, EXCEPTION_ACCESS_VIOLATION (0xc0000005) at pc=0x00007ff9b1493937]

VM state: not at safepoint (not fully initialized)

VM Mutex/Monitor currently owned by a thread:  ([mutex/lock_event])
[0x000002373dd867a0] Heap_lock - owner thread: 0x000002373dd8c5e0

Heap address: 0x0000000081800000, size: 2024 MB, Compressed Oops mode: 32-bit

CDS archive(s) mapped at: [0x0000000000000000-0x0000000000000000-0x0000000000000000), size 0, SharedBaseAddress: 0x0000000800000000, ArchiveRelocationMode: 1.
Narrow klass base: 0x0000000000000000, Narrow klass shift: 0, Narrow klass range: 0x0

GC Precious Log:
<Empty>

Heap:
 garbage-first heap   total 0K, used 0K [0x0000000081800000, 0x0000000100000000)
  region size 1024K, 0 young (0K), 0 survivors (0K)
 Metaspace       used 0K, committed 0K, reserved 0K
  class space    used 0K, committed 0K, reserved 0K

Heap Regions: E=young(eden), S=young(survivor), O=old, HS=humongous(starts), HC=humongous(continues), CS=collection set, F=free, OA=open archive, CA=closed archive, TAMS=top-at-mark-start (previous, next)

Card table byte_map: [0x0000023752460000,0x0000023752860000] _byte_map_base: 0x0000023752054000

Marking Bits (Prev, Next): (CMBitMap*) 0x000002373dde4740, (CMBitMap*) 0x000002373dde4780
 Prev Bits: [0x0000023752c60000, 0x0000023754c00000)
 Next Bits: [0x0000023754c00000, 0x0000023756ba0000)

GC Heap History (0 events):
No events

Dll operation events (1 events):
Event: 0.012 Loaded shared library C:\Program Files\Android\Android Studio\jbr\bin\java.dll

Deoptimization events (0 events):
No events

Classes unloaded (0 events):
No events

Classes redefined (0 events):
No events

Internal exceptions (0 events):
No events

VM Operations (0 events):
No events

Events (0 events):
No events


Dynamic libraries:
0x00007ff65fa70000 - 0x00007ff65fa7a000 	C:\Program Files\Android\Android Studio\jbr\bin\java.exe
0x00007ffa0be50000 - 0x00007ffa0c03d000 	C:\Windows\SYSTEM32\ntdll.dll
0x00007ffa0b1b0000 - 0x00007ffa0b263000 	C:\Windows\System32\KERNEL32.DLL
0x00007ffa08da0000 - 0x00007ffa09033000 	C:\Windows\System32\KERNELBASE.dll
0x00007ffa08690000 - 0x00007ffa0878a000 	C:\Windows\System32\ucrtbase.dll
0x00007ff9dbfc0000 - 0x00007ff9dbfd7000 	C:\Program Files\Android\Android Studio\jbr\bin\jli.dll
0x00007ffa0a5a0000 - 0x00007ffa0a737000 	C:\Windows\System32\USER32.dll
0x00007ffa08d80000 - 0x00007ffa08da0000 	C:\Windows\System32\win32u.dll
0x00007ffa0b100000 - 0x00007ffa0b129000 	C:\Windows\System32\GDI32.dll
0x00007ffa08870000 - 0x00007ffa08a09000 	C:\Windows\System32\gdi32full.dll
0x00007ffa08c90000 - 0x00007ffa08d30000 	C:\Windows\System32\msvcp_win.dll
0x00007ffa00d40000 - 0x00007ffa00d5b000 	C:\Program Files\Android\Android Studio\jbr\bin\VCRUNTIME140.dll
0x00007ff9f7d50000 - 0x00007ff9f7fc9000 	C:\Windows\WinSxS\amd64_microsoft.windows.common-controls_6595b64144ccf1df_6.0.17763.864_none_05b3441807210760\COMCTL32.dll
0x00007ffa0b820000 - 0x00007ffa0b8be000 	C:\Windows\System32\msvcrt.dll
0x00007ffa0ac40000 - 0x00007ffa0af6c000 	C:\Windows\System32\combase.dll
0x00007ffa0afd0000 - 0x00007ffa0b0f2000 	C:\Windows\System32\RPCRT4.dll
0x00007ffa08c10000 - 0x00007ffa08c8e000 	C:\Windows\System32\bcryptPrimitives.dll
0x00007ffa0b4d0000 - 0x00007ffa0b4fe000 	C:\Windows\System32\IMM32.DLL
0x000000005bf90000 - 0x000000005bf9c000 	C:\Program Files (x86)\360\Total Security\safemon\SafeWrapper.dll
0x00007ffa0b570000 - 0x00007ffa0b613000 	C:\Windows\System32\ADVAPI32.dll
0x00007ffa0aba0000 - 0x00007ffa0ac3e000 	C:\Windows\System32\sechost.dll
0x00007ff9db930000 - 0x00007ff9db9c2000 	C:\Program Files (x86)\360\Total Security\safemon\libzdtp64.dll
0x00007ffa090a0000 - 0x00007ffa0a594000 	C:\Windows\System32\SHELL32.dll
0x00007ffa08d30000 - 0x00007ffa08d7a000 	C:\Windows\System32\cfgmgr32.dll
0x00007ffa0bda0000 - 0x00007ffa0be48000 	C:\Windows\System32\shcore.dll
0x00007ffa07f40000 - 0x00007ffa0868d000 	C:\Windows\System32\windows.storage.dll
0x00007ffa07ef0000 - 0x00007ffa07f14000 	C:\Windows\System32\profapi.dll
0x00007ffa07e90000 - 0x00007ffa07eed000 	C:\Windows\System32\powrprof.dll
0x00007ffa0ab40000 - 0x00007ffa0ab92000 	C:\Windows\System32\shlwapi.dll
0x00007ffa07e70000 - 0x00007ffa07e81000 	C:\Windows\System32\kernel.appcore.dll
0x00007ffa08bf0000 - 0x00007ffa08c07000 	C:\Windows\System32\cryptsp.dll
0x00007ffa07a70000 - 0x00007ffa07a7a000 	C:\Windows\SYSTEM32\VERSION.dll
0x00007ff9f3ac0000 - 0x00007ff9f3acc000 	C:\Program Files\Android\Android Studio\jbr\bin\vcruntime140_1.dll
0x00007ff9db780000 - 0x00007ff9db80d000 	C:\Program Files\Android\Android Studio\jbr\bin\msvcp140.dll
0x00007ff9b11a0000 - 0x00007ff9b1e23000 	C:\Program Files\Android\Android Studio\jbr\bin\server\jvm.dll
0x00007ffa05e40000 - 0x00007ffa05e64000 	C:\Windows\SYSTEM32\WINMM.dll
0x00007ff9fde40000 - 0x00007ff9fde49000 	C:\Windows\SYSTEM32\WSOCK32.dll
0x00007ffa05cd0000 - 0x00007ffa05cfd000 	C:\Windows\SYSTEM32\WINMMBASE.dll
0x00007ffa0b6f0000 - 0x00007ffa0b75d000 	C:\Windows\System32\WS2_32.dll
0x00007ff9fc680000 - 0x00007ff9fc68a000 	C:\Program Files\Android\Android Studio\jbr\bin\jimage.dll
0x00007ff9ebc30000 - 0x00007ff9ebe1d000 	C:\Windows\SYSTEM32\DBGHELP.DLL
0x00007ff9ebb60000 - 0x00007ff9ebb8a000 	C:\Windows\SYSTEM32\dbgcore.DLL
0x00007ff9ebb30000 - 0x00007ff9ebb55000 	C:\Program Files\Android\Android Studio\jbr\bin\java.dll

dbghelp: loaded successfully - version: 4.0.5 - missing functions: none
symbol engine: initialized successfully - sym options: 0x614 - pdb path: .;C:\Program Files\Android\Android Studio\jbr\bin;C:\Windows\SYSTEM32;C:\Windows\WinSxS\amd64_microsoft.windows.common-controls_6595b64144ccf1df_6.0.17763.864_none_05b3441807210760;C:\Program Files (x86)\360\Total Security\safemon;C:\Program Files\Android\Android Studio\jbr\bin\server

VM Arguments:
java_command: git4idea.http.GitAskPassApp Username for 'https://github.com': 
java_class_path (initial): C:/Program Files/Android/Android Studio/plugins/vcs-git/lib/git4idea-rt.jar;C:/Program Files/Android/Android Studio/lib/externalProcess-rt.jar
Launcher Type: SUN_STANDARD

[Global flags]
     intx CICompilerCount                          = 3                                         {product} {ergonomic}
     uint ConcGCThreads                            = 1                                         {product} {ergonomic}
     uint G1ConcRefinementThreads                  = 4                                         {product} {ergonomic}
   size_t G1HeapRegionSize                         = 1048576                                   {product} {ergonomic}
    uintx GCDrainStackTargetSize                   = 64                                        {product} {ergonomic}
   size_t InitialHeapSize                          = 134217728                                 {product} {ergonomic}
   size_t MarkStackSize                            = 4194304                                   {product} {ergonomic}
   size_t MaxHeapSize                              = 2122317824                                {product} {ergonomic}
   size_t MinHeapDeltaBytes                        = 1048576                                   {product} {ergonomic}
   size_t MinHeapSize                              = 8388608                                   {product} {ergonomic}
    uintx NonNMethodCodeHeapSize                   = 5832780                                {pd product} {ergonomic}
    uintx NonProfiledCodeHeapSize                  = 122912730                              {pd product} {ergonomic}
    uintx ProfiledCodeHeapSize                     = 122912730                              {pd product} {ergonomic}
    uintx ReservedCodeCacheSize                    = 251658240                              {pd product} {ergonomic}
     bool SegmentedCodeCache                       = true                                      {product} {ergonomic}
   size_t SoftMaxHeapSize                          = 2122317824                             {manageable} {ergonomic}
     bool UseCompressedClassPointers               = true                           {product lp64_product} {ergonomic}
     bool UseCompressedOops                        = true                           {product lp64_product} {ergonomic}
     bool UseG1GC                                  = true                                      {product} {ergonomic}
     bool UseLargePagesIndividualAllocation        = false                                  {pd product} {ergonomic}

Logging:
Log output configuration:
 #0: stdout all=warning uptime,level,tags
 #1: stderr all=off uptime,level,tags

Environment Variables:
PATH=C:\Program Files\Git\mingw64\libexec\git-core;C:\Program Files\Git\mingw64\libexec\git-core;C:\Program Files\Git\mingw64\bin;C:\Program Files\Git\usr\bin;C:\Users\Pielago Family\bin;C:\Program Files\Common Files\Oracle\Java\javapath;C:\Program Files (x86)\Common Files\Oracle\Java\javapath;C:\Windows\system32;C:\Windows;C:\Windows\System32\Wbem;C:\Windows\System32\WindowsPowerShell\v1.0;C:\Program Files\Git\cmd;C:\Users\Pielago Family\AppData\Local\Microsoft\WindowsApps;C:\Users\Pielago Family\AppData\Local\Programs\Microsoft VS Code\bin;C:\MinGW\bin
USERNAME=Pielago Family
DISPLAY=:0.0
LC_ALL=en_US.UTF-8
TERM=xterm-256color
TMPDIR=C:\Temp
OS=Windows_NT
PROCESSOR_IDENTIFIER=Intel64 Family 6 Model 60 Stepping 3, GenuineIntel
TMP=C:\Temp
TEMP=C:\Temp



Periodic native trim disabled

JNI global refs:
JNI global refs: 0, weak refs: 0

JNI global refs memory usage: 0, weak refs: 0

OOME stack traces (most recent first):
Classloader memory used:


---------------  S Y S T E M  ---------------

OS:
 Windows 10 , 64 bit Build 17763 (10.0.17763.475)
OS uptime: 0 days 14:43 hours

CPU: total 4 (initial active 4) (2 cores per cpu, 2 threads per core) family 6 model 60 stepping 3 microcode 0x28, cx8, cmov, fxsr, ht, mmx, sse, sse2, sse3, ssse3, sse4.1, sse4.2, popcnt, lzcnt, tsc, tscinvbit, avx, avx2, aes, erms, clmul, bmi1, bmi2, fma, vzeroupper, clflush
Processor Information for all 4 processors :
  Max Mhz: 2601, Current Mhz: 2601, Mhz Limit: 2601

Memory: 4k page, system-wide physical 8089M (437M free)
TotalPageFile size 8089M (AvailPageFile size 34M)
current process WorkingSet (physical memory assigned to process): 11M, peak: 11M
current process commit charge ("private bytes"): 52M, peak: 180M

vm_info: OpenJDK 64-Bit Server VM (17.0.9+0--11185874) for windows-amd64 JRE (17.0.9+0--11185874), built on Dec  6 2023 18:57:44 by "androidbuild" with MS VC++ 16.10 / 16.11 (VS2019)

END.
